2022.02.11 21:09:08 INFO  tracing is disabled for protocol LSP, to enable tracing of incoming and outgoing JSON messages create an empty file at c:\Users\jaede\dev\code-breaker-be\.metals\lsp.trace.json or C:\Users\jaede\AppData\Local\scalameta\metals\cache\lsp.trace.json
2022.02.11 21:09:09 INFO  logging to file C:\Users\jaede\dev\code-breaker-be\.metals\metals.log
2022.02.11 21:09:09 INFO  Started: Metals version 0.11.1 in workspace 'C:\Users\jaede\dev\code-breaker-be' for client Visual Studio Code 1.64.2.
2022.02.11 21:09:09 INFO  Parse release: 1.8.0_292
2022.02.11 21:09:10 INFO  time: initialize in 1.2s
2022.02.11 21:09:11 WARN  Build server is not auto-connectable.
2022.02.11 21:09:29 INFO  running 'C:\Users\jaede\AppData\Local\Coursier\cache\jvm\adopt@1.8.0-292\bin\java -Djline.terminal=jline.UnsupportedTerminal -Dsbt.log.noformat=true -Dfile.encoding=UTF-8 -jar C:\Users\jaede\AppData\Local\Temp\metals5235910840567406103\sbt-launch.jar -Dbloop.export-jar-classifiers=sources bloopInstall'
2022.02.11 21:09:32 INFO  [info] welcome to sbt 1.5.2 (AdoptOpenJDK Java 1.8.0_292)
2022.02.11 21:09:34 INFO  [info] loading settings for project code-breaker-be-build-build-build from metals.sbt ...
2022.02.11 21:09:34 INFO  [info] loading project definition from C:\Users\jaede\dev\code-breaker-be\project\project\project
2022.02.11 21:09:36 INFO  [info] loading settings for project code-breaker-be-build-build from metals.sbt ...
2022.02.11 21:09:36 INFO  [info] loading project definition from C:\Users\jaede\dev\code-breaker-be\project\project
2022.02.11 21:09:38 WARN  no build target for: C:\Users\jaede\dev\code-breaker-be\test\controllers\HomeControllerSpec.scala
2022.02.11 21:09:41 INFO  [success] Generated .bloop\code-breaker-be-build-build.json
2022.02.11 21:09:41 INFO  [success] Total time: 5 s, completed 2022-feb-11 21:09:42
2022.02.11 21:09:43 INFO  [info] loading settings for project code-breaker-be-build from metals.sbt,plugins.sbt ...
2022.02.11 21:09:43 INFO  [info] loading project definition from C:\Users\jaede\dev\code-breaker-be\project
2022.02.11 21:09:43 INFO  no build target found for C:\Users\jaede\dev\code-breaker-be\test\controllers\HomeControllerSpec.scala. Using presentation compiler with project's scala-library version: 3.1.0
2022.02.11 21:09:47 INFO  time: code lens generation in 8.58s
2022.02.11 21:09:48 INFO  [success] Generated .bloop\code-breaker-be-build.json
2022.02.11 21:09:48 INFO  [success] Total time: 5 s, completed 2022-feb-11 21:09:48
2022.02.11 21:09:50 INFO  [info] loading settings for project root from build.sbt ...
2022.02.11 21:09:50 INFO  [info]   __              __
2022.02.11 21:09:50 INFO  [info]   \ \     ____   / /____ _ __  __
2022.02.11 21:09:50 INFO  [info]    \ \   / __ \ / // __ `// / / /
2022.02.11 21:09:50 INFO  [info]    / /  / /_/ // // /_/ // /_/ /
2022.02.11 21:09:50 INFO  [info]   /_/  / .___//_/ \__,_/ \__, /
2022.02.11 21:09:50 INFO  [info]       /_/               /____/
2022.02.11 21:09:50 INFO  [info] 
2022.02.11 21:09:50 INFO  [info] Version 2.8.13 running Java 1.8.0_292
2022.02.11 21:09:50 INFO  [info] 
2022.02.11 21:09:50 INFO  [info] Play is run entirely by the community. If you want to keep using it please consider donating:
2022.02.11 21:09:50 INFO  [info] https://www.playframework.com/sponsors
2022.02.11 21:09:50 INFO  [info] 
2022.02.11 21:09:55 INFO  [success] Generated .bloop\root.json
2022.02.11 21:09:55 INFO  [success] Generated .bloop\root-test.json
2022.02.11 21:09:55 INFO  [success] Total time: 4 s, completed 2022-feb-11 21:09:55
2022.02.11 21:09:55 INFO  time: ran 'sbt bloopInstall' in 25s
2022.02.11 21:09:55 INFO  Attempting to connect to the build server...
2022.02.11 21:10:01 INFO  tracing is disabled for protocol BSP, to enable tracing of incoming and outgoing JSON messages create an empty file at C:\Users\jaede\dev\code-breaker-be\.metals\bsp.trace.json or C:\Users\jaede\AppData\Local\scalameta\metals\cache\bsp.trace.json
2022.02.11 21:10:01 INFO  Attempting to connect to the build server...
2022.02.11 21:10:01 INFO  Attempting to connect to the build server...
2022.02.11 21:10:01 INFO  tracing is disabled for protocol BSP, to enable tracing of incoming and outgoing JSON messages create an empty file at C:\Users\jaede\dev\code-breaker-be\project\project\.metals\bsp.trace.json or C:\Users\jaede\AppData\Local\scalameta\metals\cache\bsp.trace.json
2022.02.11 21:10:02 INFO  tracing is disabled for protocol BSP, to enable tracing of incoming and outgoing JSON messages create an empty file at C:\Users\jaede\dev\code-breaker-be\project\.metals\bsp.trace.json or C:\Users\jaede\AppData\Local\scalameta\metals\cache\bsp.trace.json
2022.02.11 21:10:02 INFO  time: Connected to build server in 6.52s
2022.02.11 21:10:02 INFO  Connected to Build server: Bloop v1.4.12
2022.02.11 21:10:02 INFO  time: Imported build in 0.14s
2022.02.11 21:10:06 INFO  time: indexed workspace in 4.58s
2022.02.11 21:10:07 INFO  compiling root (7 scala sources and 1 java source)
2022.02.11 21:10:14 INFO  compiling root-test (1 scala source)
2022.02.11 21:10:14 INFO  time: compiled root in 6.87s
2022.02.11 21:10:15 INFO  time: compiled root-test in 1.55s
2022.02.11 21:15:34 INFO  compiling root (1 scala source)
2022.02.11 21:15:34 INFO  time: compiled root in 0.41s
2022.02.11 21:15:40 INFO  compiling root (1 scala source)
2022.02.11 21:15:40 INFO  time: compiled root in 0.45s
2022.02.11 21:15:57 INFO  compiling root (1 scala source)
2022.02.11 21:15:57 INFO  time: compiled root in 0.88s
2022.02.11 21:16:06 INFO  compiling root (2 scala sources)
2022.02.11 21:16:06 INFO  C:\Users\jaede\dev\code-breaker-be\app\controllers\GuessController.scala:23:14: stale bloop error: unclosed character literal (or use " for string literal "Hello")
    Ok('Hello')
             ^
2022.02.11 21:16:06 INFO  C:\Users\jaede\dev\code-breaker-be\app\controllers\GuessController.scala:23:14: stale bloop error: unclosed character literal (or use " for string literal "Hello")
    Ok('Hello')
             ^
2022.02.11 21:16:06 INFO  C:\Users\jaede\dev\code-breaker-be\app\controllers\GuessController.scala:23:8: stale bloop warning: symbol literal is deprecated; use Symbol("Hello") instead
    Ok('Hello')
       ^
2022.02.11 21:16:06 INFO  time: compiled root in 0.12s
2022.02.11 21:16:07 INFO  C:\Users\jaede\dev\code-breaker-be\app\controllers\GuessController.scala:23:14: stale bloop error: unclosed character literal (or use " for string literal "Hello")
    Ok('Hello')
             ^
2022.02.11 21:16:07 INFO  C:\Users\jaede\dev\code-breaker-be\app\controllers\GuessController.scala:23:8: stale bloop warning: symbol literal is deprecated; use Symbol("Hello") instead
    Ok('Hello')
       ^
2022.02.11 21:16:07 INFO  C:\Users\jaede\dev\code-breaker-be\app\controllers\GuessController.scala:23:14: stale bloop error: unclosed character literal (or use " for string literal "Hello")
    Ok('Hello')
             ^
2022.02.11 21:16:07 INFO  C:\Users\jaede\dev\code-breaker-be\app\controllers\GuessController.scala:23:8: stale bloop warning: symbol literal is deprecated; use Symbol("Hello") instead
    Ok('Hello')
       ^
2022.02.11 21:16:07 INFO  C:\Users\jaede\dev\code-breaker-be\app\controllers\GuessController.scala:23:14: stale bloop error: unclosed character literal (or use " for string literal "Hello")
    Ok('Hello')
             ^
2022.02.11 21:16:07 INFO  C:\Users\jaede\dev\code-breaker-be\app\controllers\GuessController.scala:23:8: stale bloop warning: symbol literal is deprecated; use Symbol("Hello") instead
    Ok('Hello')
       ^
2022.02.11 21:16:07 INFO  C:\Users\jaede\dev\code-breaker-be\app\controllers\GuessController.scala:23:14: stale bloop error: unclosed character literal (or use " for string literal "Hello")
    Ok('Hello')
             ^
2022.02.11 21:16:07 INFO  C:\Users\jaede\dev\code-breaker-be\app\controllers\GuessController.scala:23:8: stale bloop warning: symbol literal is deprecated; use Symbol("Hello") instead
    Ok('Hello')
       ^
2022.02.11 21:16:07 INFO  C:\Users\jaede\dev\code-breaker-be\app\controllers\GuessController.scala:23:14: stale bloop error: unclosed character literal (or use " for string literal "Hello")
    Ok('Hello')
             ^
2022.02.11 21:16:07 INFO  C:\Users\jaede\dev\code-breaker-be\app\controllers\GuessController.scala:23:8: stale bloop warning: symbol literal is deprecated; use Symbol("Hello") instead
    Ok('Hello')
       ^
2022.02.11 21:16:08 INFO  C:\Users\jaede\dev\code-breaker-be\app\controllers\GuessController.scala:23:14: stale bloop error: unclosed character literal (or use " for string literal "Hello")
    Ok('Hello')
             ^
2022.02.11 21:16:08 INFO  C:\Users\jaede\dev\code-breaker-be\app\controllers\GuessController.scala:23:8: stale bloop warning: symbol literal is deprecated; use Symbol("Hello") instead
    Ok('Hello')
       ^
2022.02.11 21:16:08 INFO  C:\Users\jaede\dev\code-breaker-be\app\controllers\GuessController.scala:23:14: stale bloop error: unclosed character literal (or use " for string literal "Hello")
    Ok('Hello')
             ^
2022.02.11 21:16:08 INFO  C:\Users\jaede\dev\code-breaker-be\app\controllers\GuessController.scala:23:8: stale bloop warning: symbol literal is deprecated; use Symbol("Hello") instead
    Ok('Hello')
       ^
2022.02.11 21:16:10 INFO  C:\Users\jaede\dev\code-breaker-be\app\controllers\GuessController.scala:23:14: stale bloop error: unclosed character literal (or use " for string literal "Hello")
    Ok('Hello')
             ^
2022.02.11 21:16:10 INFO  C:\Users\jaede\dev\code-breaker-be\app\controllers\GuessController.scala:23:8: stale bloop warning: symbol literal is deprecated; use Symbol("Hello") instead
    Ok('Hello')
       ^
2022.02.11 21:16:10 INFO  C:\Users\jaede\dev\code-breaker-be\app\controllers\GuessController.scala:23:14: stale bloop error: unclosed character literal (or use " for string literal "Hello")
    Ok('Hello')
             ^
2022.02.11 21:16:10 INFO  C:\Users\jaede\dev\code-breaker-be\app\controllers\GuessController.scala:23:8: stale bloop warning: symbol literal is deprecated; use Symbol("Hello") instead
    Ok('Hello')
       ^
2022.02.11 21:16:10 INFO  C:\Users\jaede\dev\code-breaker-be\app\controllers\GuessController.scala:23:14: stale bloop error: unclosed character literal (or use " for string literal "Hello")
    Ok('Hello')
             ^
2022.02.11 21:16:10 INFO  C:\Users\jaede\dev\code-breaker-be\app\controllers\GuessController.scala:23:8: stale bloop warning: symbol literal is deprecated; use Symbol("Hello") instead
    Ok('Hello')
       ^
2022.02.11 21:16:12 INFO  C:\Users\jaede\dev\code-breaker-be\app\controllers\GuessController.scala:23:14: stale bloop error: unclosed character literal (or use " for string literal "Hello")
    Ok('Hello')
             ^
2022.02.11 21:16:12 INFO  C:\Users\jaede\dev\code-breaker-be\app\controllers\GuessController.scala:23:8: stale bloop warning: symbol literal is deprecated; use Symbol("Hello") instead
    Ok('Hello')
       ^
2022.02.11 21:16:12 INFO  C:\Users\jaede\dev\code-breaker-be\app\controllers\GuessController.scala:23:14: stale bloop error: unclosed character literal (or use " for string literal "Hello")
    Ok('Hello')
             ^
2022.02.11 21:16:12 INFO  C:\Users\jaede\dev\code-breaker-be\app\controllers\GuessController.scala:23:8: stale bloop warning: symbol literal is deprecated; use Symbol("Hello") instead
    Ok('Hello')
       ^
2022.02.11 21:16:12 INFO  C:\Users\jaede\dev\code-breaker-be\app\controllers\GuessController.scala:23:14: stale bloop error: unclosed character literal (or use " for string literal "Hello")
    Ok('Hello')
             ^
2022.02.11 21:16:12 INFO  C:\Users\jaede\dev\code-breaker-be\app\controllers\GuessController.scala:23:8: stale bloop warning: symbol literal is deprecated; use Symbol("Hello") instead
    Ok('Hello')
       ^
2022.02.11 21:16:13 INFO  C:\Users\jaede\dev\code-breaker-be\app\controllers\GuessController.scala:23:14: stale bloop error: unclosed character literal (or use " for string literal "Hello")
    Ok('Hello')
             ^
2022.02.11 21:16:13 INFO  C:\Users\jaede\dev\code-breaker-be\app\controllers\GuessController.scala:23:8: stale bloop warning: symbol literal is deprecated; use Symbol("Hello") instead
    Ok('Hello')
       ^
2022.02.11 21:16:15 INFO  C:\Users\jaede\dev\code-breaker-be\app\controllers\GuessController.scala:23:14: stale bloop error: unclosed character literal (or use " for string literal "Hello")
    Ok('Hello')
             ^
2022.02.11 21:16:15 INFO  C:\Users\jaede\dev\code-breaker-be\app\controllers\GuessController.scala:23:8: stale bloop warning: symbol literal is deprecated; use Symbol("Hello") instead
    Ok('Hello')
       ^
2022.02.11 21:16:15 INFO  C:\Users\jaede\dev\code-breaker-be\app\controllers\GuessController.scala:23:14: stale bloop error: unclosed character literal (or use " for string literal "Hello")
    Ok('Hello')
             ^
2022.02.11 21:16:15 INFO  C:\Users\jaede\dev\code-breaker-be\app\controllers\GuessController.scala:23:8: stale bloop warning: symbol literal is deprecated; use Symbol("Hello") instead
    Ok('Hello')
       ^
2022.02.11 21:16:15 INFO  C:\Users\jaede\dev\code-breaker-be\app\controllers\GuessController.scala:23:14: stale bloop error: unclosed character literal (or use " for string literal "Hello")
    Ok('Hello')
             ^
2022.02.11 21:16:15 INFO  C:\Users\jaede\dev\code-breaker-be\app\controllers\GuessController.scala:23:8: stale bloop warning: symbol literal is deprecated; use Symbol("Hello") instead
    Ok('Hello')
       ^
2022.02.11 21:16:17 INFO  C:\Users\jaede\dev\code-breaker-be\app\controllers\GuessController.scala:23:14: stale bloop error: unclosed character literal (or use " for string literal "Hello")
    Ok('Hello')
             ^
2022.02.11 21:16:17 INFO  C:\Users\jaede\dev\code-breaker-be\app\controllers\GuessController.scala:23:8: stale bloop warning: symbol literal is deprecated; use Symbol("Hello") instead
    Ok('Hello')
       ^
2022.02.11 21:16:17 INFO  C:\Users\jaede\dev\code-breaker-be\app\controllers\GuessController.scala:23:14: stale bloop error: unclosed character literal (or use " for string literal "Hello")
    Ok('Hello')
             ^
2022.02.11 21:16:17 INFO  C:\Users\jaede\dev\code-breaker-be\app\controllers\GuessController.scala:23:8: stale bloop warning: symbol literal is deprecated; use Symbol("Hello") instead
    Ok('Hello')
       ^
2022.02.11 21:16:18 INFO  compiling root (2 scala sources)
2022.02.11 21:16:18 INFO  time: compiled root in 92ms
2022.02.11 21:16:35 INFO  compiling root (2 scala sources)
2022.02.11 21:16:36 INFO  time: compiled root in 1.24s
2022.02.11 21:20:26 INFO  compiling root (3 scala sources and 1 java source)
2022.02.11 21:20:31 INFO  time: compiled root in 4.79s
2022.02.11 21:21:42 INFO  compiling root (1 scala source)
2022.02.11 21:21:42 INFO  time: compiled root in 0.63s
feb 11, 2022 9:24:39 EM org.eclipse.lsp4j.jsonrpc.RemoteEndpoint handleCancellation
VARNING: Unmatched cancel notification for request id 351
2022.02.11 21:24:40 INFO  compiling root (1 scala source)
2022.02.11 21:24:40 INFO  time: compiled root in 0.17s
2022.02.11 21:24:45 INFO  compiling root (1 scala source)
2022.02.11 21:24:45 INFO  time: compiled root in 0.86s
feb 11, 2022 9:25:55 EM scala.meta.internal.pc.CompilerAccess retryWithCleanCompiler
INFO: compiler crashed due to an error in the Scala compiler, retrying with new compiler instance.
feb 11, 2022 9:25:55 EM scala.meta.internal.pc.CompilerAccess handleError
ALLVARLIG: assertion failed: file:///C:/Users/jaede/dev/code-breaker-be/app/controllers/GuessController.scala: 374 >= 374
java.lang.AssertionError: assertion failed: file:///C:/Users/jaede/dev/code-breaker-be/app/controllers/GuessController.scala: 374 >= 374
	at scala.reflect.internal.util.SourceFile.position(SourceFile.scala:32)
	at scala.tools.nsc.CompilationUnits$CompilationUnit.position(CompilationUnits.scala:135)
	at scala.meta.internal.pc.SignatureHelpProvider.signatureHelp(SignatureHelpProvider.scala:22)

2022.02.11 21:26:01 INFO  compiling root (1 scala source)
2022.02.11 21:26:01 INFO  time: compiled root in 0.14s
2022.02.11 21:26:12 INFO  C:\Users\jaede\dev\code-breaker-be\app\controllers\GuessController.scala:14:22: stale bloop error: not enough arguments for method apply: (target: play.libs.Json): controllers.Target in object Target.
Unspecified value parameter target.
    val targetTest = Target()
                     ^^^^^^^^
2022.02.11 21:26:12 INFO  C:\Users\jaede\dev\code-breaker-be\app\controllers\GuessController.scala:14:22: stale bloop error: not enough arguments for method apply: (target: play.libs.Json): controllers.Target in object Target.
Unspecified value parameter target.
    val targetTest = Target()
                     ^^^^^^^^
2022.02.11 21:26:17 INFO  compiling root (1 scala source)
2022.02.11 21:26:17 INFO  time: compiled root in 0.1s
2022.02.11 21:26:27 INFO  C:\Users\jaede\dev\code-breaker-be\app\controllers\GuessController.scala:14:48: stale bloop error: ')' expected but '(' found.
    val targetTest = Target(target: Json.toJson("123"))
                                               ^
2022.02.11 21:26:27 INFO  C:\Users\jaede\dev\code-breaker-be\app\controllers\GuessController.scala:14:55: stale bloop error: ';' expected but ')' found.
    val targetTest = Target(target: Json.toJson("123"))
                                                      ^
2022.02.11 21:26:27 INFO  C:\Users\jaede\dev\code-breaker-be\app\controllers\GuessController.scala:14:48: stale bloop error: ')' expected but '(' found.
    val targetTest = Target(target: Json.toJson("123"))
                                               ^
2022.02.11 21:26:27 INFO  C:\Users\jaede\dev\code-breaker-be\app\controllers\GuessController.scala:14:55: stale bloop error: ';' expected but ')' found.
    val targetTest = Target(target: Json.toJson("123"))
                                                      ^
2022.02.11 21:26:44 INFO  compiling root (1 scala source)
2022.02.11 21:26:44 INFO  time: compiled root in 0.1s
2022.02.11 21:26:48 INFO  compiling root (1 scala source)
2022.02.11 21:26:48 INFO  time: compiled root in 0.11s
2022.02.11 21:26:51 INFO  C:\Users\jaede\dev\code-breaker-be\app\controllers\GuessController.scala:14:37: stale bloop error: identifier expected but ')' found.
    val targetTest = Target(target: )
                                    ^
2022.02.11 21:26:51 INFO  C:\Users\jaede\dev\code-breaker-be\app\controllers\GuessController.scala:16:3: stale bloop error: ')' expected but '}' found.
  }
  ^
2022.02.11 21:26:51 INFO  C:\Users\jaede\dev\code-breaker-be\app\controllers\GuessController.scala:14:37: stale bloop error: identifier expected but ')' found.
    val targetTest = Target(target: )
                                    ^
2022.02.11 21:26:51 INFO  C:\Users\jaede\dev\code-breaker-be\app\controllers\GuessController.scala:16:3: stale bloop error: ')' expected but '}' found.
  }
  ^
2022.02.11 21:27:12 INFO  compiling root (1 scala source)
2022.02.11 21:27:12 INFO  time: compiled root in 0.14s
2022.02.11 21:27:24 INFO  compiling root (1 scala source)
2022.02.11 21:27:24 INFO  time: compiled root in 0.14s
2022.02.11 21:27:37 INFO  compiling root (1 scala source)
2022.02.11 21:27:37 INFO  time: compiled root in 0.13s
2022.02.11 21:27:40 INFO  compiling root (1 scala source)
2022.02.11 21:27:40 INFO  time: compiled root in 0.13s
2022.02.11 21:27:50 INFO  compiling root (1 scala source)
2022.02.11 21:27:50 INFO  time: compiled root in 0.72s
2022.02.11 21:29:47 INFO  compiling root (1 scala source)
2022.02.11 21:29:47 INFO  time: compiled root in 0.13s
2022.02.11 21:30:22 INFO  compiling root (1 scala source)
2022.02.11 21:30:22 INFO  time: compiled root in 0.78s
2022.02.11 21:30:44 INFO  compiling root (1 scala source)
2022.02.11 21:30:44 INFO  time: compiled root in 0.71s
2022.02.11 21:31:40 INFO  compiling root (1 scala source)
2022.02.11 21:31:40 INFO  time: compiled root in 0.82s
2022.02.11 21:33:54 INFO  compiling root (1 scala source)
2022.02.11 21:33:54 INFO  time: compiled root in 0.12s
2022.02.11 21:34:11 INFO  compiling root (1 scala source)
2022.02.11 21:34:11 INFO  time: compiled root in 0.12s
2022.02.11 21:34:25 INFO  compiling root (1 scala source)
2022.02.11 21:34:25 INFO  time: compiled root in 0.12s
2022.02.11 21:34:31 INFO  compiling root (1 scala source)
2022.02.11 21:34:31 INFO  time: compiled root in 0.13s
2022.02.11 21:34:38 INFO  compiling root (1 scala source)
2022.02.11 21:34:38 INFO  time: compiled root in 0.72s
2022.02.11 21:36:00 INFO  compiling root (1 scala source)
2022.02.11 21:36:00 INFO  time: compiled root in 0.13s
2022.02.11 21:36:55 INFO  compiling root (1 scala source)
2022.02.11 21:36:55 INFO  time: compiled root in 0.95s
2022.02.11 21:39:10 INFO  compiling root (1 scala source)
2022.02.11 21:39:10 INFO  time: compiled root in 0.15s
2022.02.11 21:39:21 INFO  compiling root (1 scala source)
2022.02.11 21:39:21 INFO  time: compiled root in 0.91s
2022.02.11 21:39:21 INFO  compiling root (1 scala source)
2022.02.11 21:39:22 INFO  time: compiled root in 0.43s
2022.02.11 21:40:26 INFO  compiling root (1 scala source)
2022.02.11 21:40:26 INFO  time: compiled root in 0.78s
2022.02.11 21:41:06 INFO  compiling root (1 scala source)
2022.02.11 21:41:06 INFO  time: compiled root in 0.12s
2022.02.11 21:41:38 INFO  compiling root (1 scala source)
2022.02.11 21:41:38 INFO  time: compiled root in 0.15s
2022.02.11 21:41:49 INFO  compiling root (1 scala source)
2022.02.11 21:41:49 INFO  time: compiled root in 0.7s
2022.02.11 21:43:26 INFO  compiling root (1 scala source)
2022.02.11 21:43:26 INFO  time: compiled root in 0.13s
2022.02.11 21:43:48 INFO  compiling root (1 scala source)
2022.02.11 21:43:48 INFO  time: compiled root in 0.35s
2022.02.11 21:44:04 INFO  compiling root (1 scala source)
2022.02.11 21:44:04 INFO  time: compiled root in 0.12s
2022.02.11 21:44:23 INFO  compiling root (1 scala source)
2022.02.11 21:44:23 INFO  time: compiled root in 0.65s
2022.02.11 21:44:40 INFO  compiling root (1 scala source)
2022.02.11 21:44:40 INFO  time: compiled root in 0.86s
2022.02.11 21:49:19 INFO  compiling root (1 scala source)
2022.02.11 21:49:19 INFO  time: compiled root in 0.68s
2022.02.11 21:50:49 INFO  compiling root (1 scala source)
2022.02.11 21:50:49 INFO  C:\Users\jaede\dev\code-breaker-be\app\controllers\GuessController.scala:22:47: stale bloop error: empty character literal
    val targetArray = targetTest.target.split('')
                                              ^
2022.02.11 21:50:49 INFO  C:\Users\jaede\dev\code-breaker-be\app\controllers\GuessController.scala:22:47: stale bloop error: empty character literal
    val targetArray = targetTest.target.split('')
                                              ^
2022.02.11 21:50:49 INFO  C:\Users\jaede\dev\code-breaker-be\app\controllers\GuessController.scala:25:3: stale bloop error: ')' expected but '}' found.
  }
  ^
2022.02.11 21:50:49 INFO  time: compiled root in 84ms
2022.02.11 21:50:51 INFO  C:\Users\jaede\dev\code-breaker-be\app\controllers\GuessController.scala:22:47: stale bloop error: empty character literal
    val targetArray = targetTest.target.split('')
                                              ^
2022.02.11 21:50:51 INFO  C:\Users\jaede\dev\code-breaker-be\app\controllers\GuessController.scala:25:3: stale bloop error: ')' expected but '}' found.
  }
  ^
2022.02.11 21:50:51 INFO  C:\Users\jaede\dev\code-breaker-be\app\controllers\GuessController.scala:22:47: stale bloop error: empty character literal
    val targetArray = targetTest.target.split('')
                                              ^
2022.02.11 21:50:51 INFO  C:\Users\jaede\dev\code-breaker-be\app\controllers\GuessController.scala:25:3: stale bloop error: ')' expected but '}' found.
  }
  ^
2022.02.11 21:50:51 INFO  C:\Users\jaede\dev\code-breaker-be\app\controllers\GuessController.scala:22:47: stale bloop error: empty character literal
    val targetArray = targetTest.target.split('')
                                              ^
2022.02.11 21:50:51 INFO  C:\Users\jaede\dev\code-breaker-be\app\controllers\GuessController.scala:25:3: stale bloop error: ')' expected but '}' found.
  }
  ^
2022.02.11 21:50:52 INFO  compiling root (1 scala source)
2022.02.11 21:50:52 INFO  time: compiled root in 0.7s
2022.02.11 21:51:01 INFO  compiling root (1 scala source)
2022.02.11 21:51:01 INFO  time: compiled root in 0.64s
feb 11, 2022 9:51:15 EM org.eclipse.lsp4j.jsonrpc.RemoteEndpoint handleCancellation
VARNING: Unmatched cancel notification for request id 2524
2022.02.11 21:51:19 INFO  compiling root (1 scala source)
2022.02.11 21:51:20 INFO  time: compiled root in 1.04s
2022.02.11 21:51:48 INFO  compiling root (1 scala source)
2022.02.11 21:51:48 INFO  time: compiled root in 0.82s
2022.02.11 21:53:34 INFO  compiling root (1 scala source)
2022.02.11 21:53:34 INFO  time: compiled root in 0.14s
2022.02.11 21:54:11 INFO  compiling root (1 scala source)
2022.02.11 21:54:11 INFO  time: compiled root in 0.67s
2022.02.11 21:55:44 INFO  compiling root (1 scala source)
2022.02.11 21:55:44 INFO  time: compiled root in 0.73s
2022.02.11 21:57:52 INFO  compiling root (1 scala source)
2022.02.11 21:57:52 INFO  time: compiled root in 0.13s
2022.02.11 21:58:25 INFO  compiling root (1 scala source)
2022.02.11 21:58:25 INFO  time: compiled root in 0.75s
2022.02.11 22:02:41 INFO  compiling root (1 scala source)
2022.02.11 22:02:41 INFO  time: compiled root in 0.16s
2022.02.11 22:04:04 INFO  compiling root (1 scala source)
2022.02.11 22:04:07 INFO  time: compiled root in 2.18s
2022.02.11 22:04:14 INFO  compiling root (1 scala source)
2022.02.11 22:04:15 INFO  time: compiled root in 1.32s
2022.02.11 22:05:07 INFO  compiling root (1 scala source)
2022.02.11 22:05:07 INFO  time: compiled root in 0.69s
2022.02.11 22:07:38 INFO  compiling root (1 scala source)
2022.02.11 22:07:38 INFO  time: compiled root in 0.13s
2022.02.11 22:07:46 INFO  compiling root (1 scala source)
2022.02.11 22:07:46 INFO  time: compiled root in 0.69s
2022.02.11 22:07:56 INFO  compiling root (1 scala source)
2022.02.11 22:07:56 INFO  time: compiled root in 0.79s
2022.02.11 22:08:14 INFO  compiling root (1 scala source)
2022.02.11 22:08:15 INFO  time: compiled root in 1.01s
2022.02.11 22:09:30 INFO  compiling root (1 scala source)
2022.02.11 22:09:30 INFO  time: compiled root in 0.74s
2022.02.11 22:09:34 INFO  compiling root (1 scala source)
2022.02.11 22:09:34 INFO  time: compiled root in 0.74s
2022.02.11 22:11:41 INFO  compiling root (1 scala source)
2022.02.11 22:11:41 INFO  time: compiled root in 0.69s
2022.02.11 22:11:46 INFO  compiling root (1 scala source)
2022.02.11 22:11:46 INFO  time: compiled root in 0.74s
2022.02.11 22:13:33 INFO  compiling root (1 scala source)
2022.02.11 22:13:33 INFO  time: compiled root in 1s
2022.02.11 22:21:19 INFO  compiling root (1 scala source)
2022.02.11 22:21:19 INFO  time: compiled root in 0.76s
feb 11, 2022 10:21:27 EM org.eclipse.lsp4j.jsonrpc.services.GenericEndpoint notify
INFO: Unsupported notification method: $/setTrace
